<?xml version="1.0" encoding="UTF-8"?>
<coverage generated="1537517358835" clover="3.2.0">
  <project timestamp="1537517358835" name="All files">
    <metrics statements="27" coveredstatements="6" conditionals="13" coveredconditionals="1" methods="14" coveredmethods="3" elements="54" coveredelements="10" complexity="0" loc="27" ncloc="27" packages="1" files="3" classes="3">
      <file name="Carousel.js" path="/Users/Nickko/Desktop/job_hunt_prep/Z_New_Study_Master/Frameworks/React/BHolt_PetFinder/src/Carousel.js">
        <metrics statements="8" coveredstatements="0" conditionals="7" coveredconditionals="0" methods="5" coveredmethods="0"/>
        <line num="14" count="0" type="stmt"/>
        <line num="16" count="0" type="cond" truecount="0" falsecount="5"/>
        <line num="17" count="0" type="stmt"/>
        <line num="20" count="0" type="stmt"/>
        <line num="24" count="0" type="stmt"/>
        <line num="30" count="0" type="stmt"/>
        <line num="31" count="0" type="stmt"/>
        <line num="37" count="0" type="stmt"/>
      </file>
      <file name="Details.js" path="/Users/Nickko/Desktop/job_hunt_prep/Z_New_Study_Master/Frameworks/React/BHolt_PetFinder/src/Details.js">
        <metrics statements="13" coveredstatements="5" conditionals="6" coveredconditionals="1" methods="5" coveredmethods="3"/>
        <line num="8" count="1" type="stmt"/>
        <line num="20" count="1" type="stmt"/>
        <line num="26" count="2" type="stmt"/>
        <line num="32" count="0" type="stmt"/>
        <line num="34" count="0" type="cond" truecount="0" falsecount="2"/>
        <line num="35" count="0" type="stmt"/>
        <line num="37" count="0" type="stmt"/>
        <line num="40" count="0" type="stmt"/>
        <line num="51" count="0" type="stmt"/>
        <line num="56" count="3" type="cond" truecount="1" falsecount="1"/>
        <line num="57" count="3" type="stmt"/>
        <line num="67" count="0" type="stmt"/>
        <line num="69" count="0" type="stmt"/>
      </file>
      <file name="Modal.js" path="/Users/Nickko/Desktop/job_hunt_prep/Z_New_Study_Master/Frameworks/React/BHolt_PetFinder/src/Modal.js">
        <metrics statements="6" coveredstatements="1" conditionals="0" coveredconditionals="0" methods="4" coveredmethods="0"/>
        <line num="4" count="1" type="stmt"/>
        <line num="8" count="0" type="stmt"/>
        <line num="9" count="0" type="stmt"/>
        <line num="13" count="0" type="stmt"/>
        <line num="17" count="0" type="stmt"/>
        <line num="21" count="0" type="stmt"/>
      </file>
    </metrics>
  </project>
</coverage>
