TN:
SF:/Users/Nickko/Desktop/job_hunt_prep/Z_New_Study_Master/Frameworks/React/BHolt_PetFinder/src/Carousel.js
FN:13,(anonymous_0)
FN:17,(anonymous_1)
FN:23,(anonymous_2)
FN:29,(anonymous_3)
FN:35,(anonymous_4)
FNF:5
FNH:0
FNDA:0,(anonymous_0)
FNDA:0,(anonymous_1)
FNDA:0,(anonymous_2)
FNDA:0,(anonymous_3)
FNDA:0,(anonymous_4)
DA:14,0
DA:16,0
DA:17,0
DA:20,0
DA:24,0
DA:30,0
DA:31,0
DA:37,0
LF:8
LH:0
BRDA:16,0,0,0
BRDA:16,0,1,0
BRDA:16,1,0,0
BRDA:16,1,1,0
BRDA:16,1,2,0
BRDA:42,2,0,0
BRDA:42,2,1,0
BRF:7
BRH:0
end_of_record
TN:
SF:/Users/Nickko/Desktop/job_hunt_prep/Z_New_Study_Master/Frameworks/React/BHolt_PetFinder/src/Details.js
FN:19,(anonymous_0)
FN:25,(anonymous_1)
FN:31,(anonymous_2)
FN:50,(anonymous_3)
FN:55,(anonymous_4)
FNF:5
FNH:3
FNDA:1,(anonymous_0)
FNDA:2,(anonymous_1)
FNDA:0,(anonymous_2)
FNDA:0,(anonymous_3)
FNDA:3,(anonymous_4)
DA:8,1
DA:20,1
DA:26,2
DA:32,0
DA:34,0
DA:35,0
DA:37,0
DA:40,0
DA:51,0
DA:56,3
DA:57,3
DA:67,0
DA:69,0
LF:13
LH:5
BRDA:34,0,0,0
BRDA:34,0,1,0
BRDA:56,1,0,3
BRDA:56,1,1,0
BRDA:79,2,0,0
BRDA:79,2,1,0
BRF:6
BRH:1
end_of_record
TN:
SF:/Users/Nickko/Desktop/job_hunt_prep/Z_New_Study_Master/Frameworks/React/BHolt_PetFinder/src/Modal.js
FN:7,(anonymous_0)
FN:12,(anonymous_1)
FN:16,(anonymous_2)
FN:20,(anonymous_3)
FNF:4
FNH:0
FNDA:0,(anonymous_0)
FNDA:0,(anonymous_1)
FNDA:0,(anonymous_2)
FNDA:0,(anonymous_3)
DA:4,1
DA:8,0
DA:9,0
DA:13,0
DA:17,0
DA:21,0
LF:6
LH:1
BRF:0
BRH:0
end_of_record
